Using pre-set license
Built from '2020.3/release' branch; Version is '2020.3.12f1 (b3b2c6512326) revision 11776710'; Using compiler version '192528614'; Build Type 'Release'
OS: 'Windows 10 Home; OS build 19043.1110; Version 2009; 64bit' Language: 'ru' Physical Memory: 7989 MB
BatchMode: 1, IsHumanControllingUs: 0, StartBugReporterOnCrash: 0, Is64bit: 1, IsPro: 0

 COMMAND LINE ARGUMENTS:
C:\Program Files\Unity\2020.3.12f1\Editor\Unity.exe
-adb2
-batchMode
-noUpm
-name
AssetImportWorker0
-projectPath
D:/Unity3D/UnnamedMobilHyperCasual
-logFile
Logs/AssetImportWorker0.log
-srvPort
55649
Successfully changed project path to: D:/Unity3D/UnnamedMobilHyperCasual
D:/Unity3D/UnnamedMobilHyperCasual
Using Asset Import Pipeline V2.
Refreshing native plugins compatible for Editor in 51.90 ms, found 2 plugins.
Preloading 0 native plugins for Editor in 0.00 ms.
Initialize engine version: 2020.3.12f1 (b3b2c6512326)
[Subsystems] Discovering subsystems at path C:/Program Files/Unity/2020.3.12f1/Editor/Data/Resources/UnitySubsystems
[Subsystems] Discovering subsystems at path D:/Unity3D/UnnamedMobilHyperCasual/Assets
GfxDevice: creating device client; threaded=0
Direct3D:
    Version:  Direct3D 11.0 [level 11.1]
    Renderer: NVIDIA GeForce GTX 1660 Ti with Max-Q Design (ID=0x2191)
    Vendor:   
    VRAM:     5991 MB
    Driver:   27.21.14.6231
Shader 'Universal Render Pipeline/Particles/Lit': fallback shader 'Universal Render Pipeline/Particles/SimpleLit' not found
Initialize mono
Mono path[0] = 'C:/Program Files/Unity/2020.3.12f1/Editor/Data/Managed'
Mono path[1] = 'C:/Program Files/Unity/2020.3.12f1/Editor/Data/MonoBleedingEdge/lib/mono/unityjit'
Mono config path = 'C:/Program Files/Unity/2020.3.12f1/Editor/Data/MonoBleedingEdge/etc'
Using monoOptions --debugger-agent=transport=dt_socket,embedding=1,server=y,suspend=n,address=127.0.0.1:56912
Begin MonoManager ReloadAssembly
Registering precompiled unity dll's ...
Register platform support module: C:/Program Files/Unity/2020.3.12f1/Editor/Data/PlaybackEngines/WindowsStandaloneSupport/UnityEditor.WindowsStandalone.Extensions.dll
Registered in 0.002149 seconds.
Native extension for WindowsStandalone target not found
Refreshing native plugins compatible for Editor in 50.63 ms, found 2 plugins.
Preloading 0 native plugins for Editor in 0.00 ms.
Mono: successfully reloaded assembly
- Completed reload, in  2.150 seconds
Platform modules already initialized, skipping
Registering precompiled user dll's ...
Registered in 0.003548 seconds.
Begin MonoManager ReloadAssembly
Native extension for WindowsStandalone target not found
Refreshing native plugins compatible for Editor in 55.85 ms, found 2 plugins.
Preloading 0 native plugins for Editor in 0.00 ms.
Mono: successfully reloaded assembly
- Completed reload, in  1.243 seconds
Platform modules already initialized, skipping
========================================================================
Worker process is ready to serve import requests
Shader 'Universal Render Pipeline/Particles/Lit': fallback shader 'Universal Render Pipeline/Particles/SimpleLit' not found
Launched and connected shader compiler UnityShaderCompiler.exe after 0.05 seconds
Refreshing native plugins compatible for Editor in 0.50 ms, found 2 plugins.
Preloading 0 native plugins for Editor in 0.00 ms.
Unloading 3073 Unused Serialized files (Serialized files now loaded: 0)
System memory in use before: 134.2 MB.
System memory in use after: 134.4 MB.

Unloading 22 unused Assets to reduce memory usage. Loaded Objects now: 3506.
Total: 2.376800 ms (FindLiveObjects: 0.271300 ms CreateObjectMapping: 0.136800 ms MarkObjects: 1.889600 ms  DeleteObjects: 0.078100 ms)

AssetImportParameters requested are different than current active one (requested -> active):
  custom:framework-win-MediaFoundation: 216162199b28c13a410421893ffa2e32 -> 
  custom:video-decoder-ogg-theora: a1e56fd34408186e4bbccfd4996cb3dc -> 
  custom:container-muxer-webm: aa71ff27fc2769a1b78a27578f13a17b -> 
  custom:container-demuxer-webm: 4f35f7cbe854078d1ac9338744f61a02 -> 
  custom:container-demuxer-ogg: 62fdf1f143b41e24485cea50d1cbac27 -> 
  custom:video-encoder-webm-vp8: eb34c28f22e8b96e1ab97ce403110664 -> 
  custom:video-decoder-webm-vp8: 9c59270c3fd7afecdb556c50c9e8de78 -> 
  custom:audio-decoder-ogg-vorbis: bf7c407c2cedff20999df2af8eb42d56 -> 
  custom:audio-encoder-webm-vorbis: bf7c407c2cedff20999df2af8eb42d56 -> 
========================================================================
Received Import Request.
  path: Assets/untitled.fbx
  artifactKey: Guid(6af1f131801493d4db5c214eef4d079f) Importer(815301076,1909f56bfc062723c751e8b465ee728b)
Start importing Assets/untitled.fbx using Guid(6af1f131801493d4db5c214eef4d079f) Importer(815301076,1909f56bfc062723c751e8b465ee728b)  -> (artifact id: '16650246cc0ca635465fb9af9c7ae4df') in 0.180324 seconds 
  Import took 0.264268 seconds .

========================================================================
Received Import Request.
  Time since last request: 3491.104285 seconds.
  path: Assets/Audi Quattro S1 v3.fbx
  artifactKey: Guid(bdef15b69cad8064b9e9c3e48a2fa1fe) Importer(815301076,1909f56bfc062723c751e8b465ee728b)
Start importing Assets/Audi Quattro S1 v3.fbx using Guid(bdef15b69cad8064b9e9c3e48a2fa1fe) Importer(815301076,1909f56bfc062723c751e8b465ee728b)  -> (artifact id: '7ad2e1fb82b699c4ead911aa5c8a50c1') in 0.452157 seconds 
  Import took 0.509090 seconds .

========================================================================
Received Import Request.
  Time since last request: 11.417759 seconds.
  path: Assets/Audi Quattro S1 v3.fbx
  artifactKey: Guid(bdef15b69cad8064b9e9c3e48a2fa1fe) Importer(815301076,1909f56bfc062723c751e8b465ee728b)
Start importing Assets/Audi Quattro S1 v3.fbx using Guid(bdef15b69cad8064b9e9c3e48a2fa1fe) Importer(815301076,1909f56bfc062723c751e8b465ee728b)  -> (artifact id: '4bcecf39be31bd37edbb56137da89c2c') in 0.095797 seconds 
  Import took 0.113226 seconds .

========================================================================
Received Import Request.
  Time since last request: 0.000320 seconds.
  path: Assets/QuattroMaterial.mat
  artifactKey: Guid(ff42aa60c5a4e0446b817e8b5c14a367) Importer(815301076,1909f56bfc062723c751e8b465ee728b)
Start importing Assets/QuattroMaterial.mat using Guid(ff42aa60c5a4e0446b817e8b5c14a367) Importer(815301076,1909f56bfc062723c751e8b465ee728b)  -> (artifact id: '968e2d95b3d978842ca984f6840590d9') in 0.023082 seconds 
  Import took 0.047907 seconds .

========================================================================
Received Import Request.
  Time since last request: 0.000247 seconds.
  path: Assets/WindowsMaterial.mat
  artifactKey: Guid(a466b3669642ca84b8b5adfe98330829) Importer(815301076,1909f56bfc062723c751e8b465ee728b)
Start importing Assets/WindowsMaterial.mat using Guid(a466b3669642ca84b8b5adfe98330829) Importer(815301076,1909f56bfc062723c751e8b465ee728b)  -> (artifact id: '260be9640be256346c94935bbc6ebed8') in 0.010851 seconds 
  Import took 0.016846 seconds .

========================================================================
Received Import Request.
  Time since last request: 0.000303 seconds.
  path: Assets/DriverMaterial.mat
  artifactKey: Guid(4e7240ca4852d4748929c3c0686be2c8) Importer(815301076,1909f56bfc062723c751e8b465ee728b)
Start importing Assets/DriverMaterial.mat using Guid(4e7240ca4852d4748929c3c0686be2c8) Importer(815301076,1909f56bfc062723c751e8b465ee728b)  -> (artifact id: 'cbe7e5176ef8675fb2909c3404d43803') in 0.010438 seconds 
  Import took 0.027915 seconds .

========================================================================
Received Import Request.
  Time since last request: 89.206242 seconds.
  path: Assets/Audi Quattro S1 v3.fbx
  artifactKey: Guid(bdef15b69cad8064b9e9c3e48a2fa1fe) Importer(815301076,1909f56bfc062723c751e8b465ee728b)
Start importing Assets/Audi Quattro S1 v3.fbx using Guid(bdef15b69cad8064b9e9c3e48a2fa1fe) Importer(815301076,1909f56bfc062723c751e8b465ee728b)  -> (artifact id: '80fa1b01002a834fbd58f3cf624dc139') in 0.083178 seconds 
  Import took 0.115639 seconds .

========================================================================
Received Import Request.
  Time since last request: 31.082638 seconds.
  path: Assets/Audi Quattro S1 v3.fbx
  artifactKey: Guid(bdef15b69cad8064b9e9c3e48a2fa1fe) Importer(815301076,1909f56bfc062723c751e8b465ee728b)
Start importing Assets/Audi Quattro S1 v3.fbx using Guid(bdef15b69cad8064b9e9c3e48a2fa1fe) Importer(815301076,1909f56bfc062723c751e8b465ee728b)  -> (artifact id: '73fd8f0d72cbfd8ce389cb7e81edff3c') in 0.091868 seconds 
  Import took 0.097704 seconds .

========================================================================
Received Import Request.
  Time since last request: 125.937076 seconds.
  path: Assets/Audi Quattro S1 v3.fbx
  artifactKey: Guid(bdef15b69cad8064b9e9c3e48a2fa1fe) Importer(815301076,1909f56bfc062723c751e8b465ee728b)
Start importing Assets/Audi Quattro S1 v3.fbx using Guid(bdef15b69cad8064b9e9c3e48a2fa1fe) Importer(815301076,1909f56bfc062723c751e8b465ee728b)  -> (artifact id: '9a6bbc35557af48c0ffe9bcec06cc932') in 0.099019 seconds 
  Import took 0.117489 seconds .

========================================================================
Received Import Request.
  Time since last request: 141.459053 seconds.
  path: Assets/Audi Quattro S1 v3 wheel.fbx
  artifactKey: Guid(58622b7160f98114a988698653ebccc3) Importer(815301076,1909f56bfc062723c751e8b465ee728b)
Start importing Assets/Audi Quattro S1 v3 wheel.fbx using Guid(58622b7160f98114a988698653ebccc3) Importer(815301076,1909f56bfc062723c751e8b465ee728b)  -> (artifact id: '2e6de290126169fca7965379868764c1') in 0.028177 seconds 
  Import took 0.054158 seconds .

========================================================================
Received Import Request.
  Time since last request: 86.250002 seconds.
  path: Assets/Audi Quattro S1 v3 wheel.fbx
  artifactKey: Guid(58622b7160f98114a988698653ebccc3) Importer(815301076,1909f56bfc062723c751e8b465ee728b)
Start importing Assets/Audi Quattro S1 v3 wheel.fbx using Guid(58622b7160f98114a988698653ebccc3) Importer(815301076,1909f56bfc062723c751e8b465ee728b)  -> (artifact id: '42ec963e1440d7cccef6f832fdb40f9c') in 0.018563 seconds 
  Import took 0.044176 seconds .

========================================================================
Received Import Request.
  Time since last request: 26.437781 seconds.
  path: Assets/Audi Quattro S1 v3 wheel.fbx
  artifactKey: Guid(58622b7160f98114a988698653ebccc3) Importer(815301076,1909f56bfc062723c751e8b465ee728b)
Start importing Assets/Audi Quattro S1 v3 wheel.fbx using Guid(58622b7160f98114a988698653ebccc3) Importer(815301076,1909f56bfc062723c751e8b465ee728b)  -> (artifact id: '9afac68f2d1e2d90ad97ea7106857044') in 0.018535 seconds 
  Import took 0.023783 seconds .

========================================================================
Received Import Request.
  Time since last request: 75.190749 seconds.
  path: Assets/Audi Quattro S1 v3 wheel.fbx
  artifactKey: Guid(58622b7160f98114a988698653ebccc3) Importer(815301076,1909f56bfc062723c751e8b465ee728b)
Start importing Assets/Audi Quattro S1 v3 wheel.fbx using Guid(58622b7160f98114a988698653ebccc3) Importer(815301076,1909f56bfc062723c751e8b465ee728b)  -> (artifact id: '83c2b0f485d19bb79729145ad03232c3') in 0.024765 seconds 
  Import took 0.029640 seconds .

========================================================================
Received Import Request.
  Time since last request: 0.000248 seconds.
  path: Assets/QuattroMaterial 1.mat
  artifactKey: Guid(6b3098dc1126ae441b601a78e0e60aed) Importer(815301076,1909f56bfc062723c751e8b465ee728b)
Start importing Assets/QuattroMaterial 1.mat using Guid(6b3098dc1126ae441b601a78e0e60aed) Importer(815301076,1909f56bfc062723c751e8b465ee728b)  -> (artifact id: '99b524fe553f78704a7b317b7afcb18a') in 0.032083 seconds 
  Import took 0.043728 seconds .

========================================================================
Received Import Request.
  Time since last request: 20.717440 seconds.
  path: Assets/Driver_Diffuse.png
  artifactKey: Guid(0ff094d8c7ee8e74589ea51df2319a4a) Importer(815301076,1909f56bfc062723c751e8b465ee728b)
Start importing Assets/Driver_Diffuse.png using Guid(0ff094d8c7ee8e74589ea51df2319a4a) Importer(815301076,1909f56bfc062723c751e8b465ee728b)  -> (artifact id: '14637f3612d67a4f19474796b8abfa46') in 0.128440 seconds 
  Import took 0.185859 seconds .

========================================================================
Received Import Request.
  Time since last request: 0.000345 seconds.
  path: Assets/Quattro_Diffuse.png
  artifactKey: Guid(28251f5904805244a89e463878689a7a) Importer(815301076,1909f56bfc062723c751e8b465ee728b)
Start importing Assets/Quattro_Diffuse.png using Guid(28251f5904805244a89e463878689a7a) Importer(815301076,1909f56bfc062723c751e8b465ee728b)  -> (artifact id: 'cf825d4f88e9e969a749d66b0d80bb20') in 0.087025 seconds 
  Import took 0.110258 seconds .

========================================================================
Received Import Request.
  Time since last request: 0.000331 seconds.
  path: Assets/Landscape_Diffuse.png
  artifactKey: Guid(4929dafad5fcba64f98891904ea951ab) Importer(815301076,1909f56bfc062723c751e8b465ee728b)
Start importing Assets/Landscape_Diffuse.png using Guid(4929dafad5fcba64f98891904ea951ab) Importer(815301076,1909f56bfc062723c751e8b465ee728b)  -> (artifact id: '12ded12c00c954bc3d0d8b411aaebda9') in 0.063518 seconds 
  Import took 0.076605 seconds .

========================================================================
Received Import Request.
  Time since last request: 0.000247 seconds.
  path: Assets/Window_Diffuse.png
  artifactKey: Guid(545d8e5b1432aae45bbe41367a83194d) Importer(815301076,1909f56bfc062723c751e8b465ee728b)
Start importing Assets/Window_Diffuse.png using Guid(545d8e5b1432aae45bbe41367a83194d) Importer(815301076,1909f56bfc062723c751e8b465ee728b)  -> (artifact id: 'c109f46b7033c9ea1a4c08d4d4df70ab') in 0.063891 seconds 
  Import took 0.082918 seconds .

========================================================================
Received Import Request.
  Time since last request: 399.802661 seconds.
  path: Assets/DriverMaterial.mat
  artifactKey: Guid(4e7240ca4852d4748929c3c0686be2c8) Importer(815301076,1909f56bfc062723c751e8b465ee728b)
Start importing Assets/DriverMaterial.mat using Guid(4e7240ca4852d4748929c3c0686be2c8) Importer(815301076,1909f56bfc062723c751e8b465ee728b)  -> (artifact id: 'e7da917140d45496fa3f29917c3c5293') in 0.052986 seconds 
  Import took 0.058378 seconds .

========================================================================
Received Import Request.
  Time since last request: 0.000317 seconds.
  path: Assets/QuattroMaterial 1.mat
  artifactKey: Guid(6b3098dc1126ae441b601a78e0e60aed) Importer(815301076,1909f56bfc062723c751e8b465ee728b)
Start importing Assets/QuattroMaterial 1.mat using Guid(6b3098dc1126ae441b601a78e0e60aed) Importer(815301076,1909f56bfc062723c751e8b465ee728b)  -> (artifact id: '094727dac1610452b1b4e57ddf53d935') in 0.070983 seconds 
  Import took 0.174620 seconds .

========================================================================
Received Import Request.
  Time since last request: 0.000731 seconds.
  path: Assets/QuattroMaterial.mat
  artifactKey: Guid(ff42aa60c5a4e0446b817e8b5c14a367) Importer(815301076,1909f56bfc062723c751e8b465ee728b)
Start importing Assets/QuattroMaterial.mat using Guid(ff42aa60c5a4e0446b817e8b5c14a367) Importer(815301076,1909f56bfc062723c751e8b465ee728b)  -> (artifact id: '104317daa5c0cc3cbe7ca8cf19b3539b') in 0.089514 seconds 
  Import took 0.117719 seconds .

========================================================================
Received Import Request.
  Time since last request: 0.000319 seconds.
  path: Assets/WindowsMaterial.mat
  artifactKey: Guid(a466b3669642ca84b8b5adfe98330829) Importer(815301076,1909f56bfc062723c751e8b465ee728b)
Start importing Assets/WindowsMaterial.mat using Guid(a466b3669642ca84b8b5adfe98330829) Importer(815301076,1909f56bfc062723c751e8b465ee728b)  -> (artifact id: '8e74287b93a70ec41481992ac63c5ce3') in 0.063196 seconds 
  Import took 0.072801 seconds .

========================================================================
Received Prepare
Registering precompiled user dll's ...
Registered in 0.040221 seconds.
Begin MonoManager ReloadAssembly
Native extension for WindowsStandalone target not found
Refreshing native plugins compatible for Editor in 0.50 ms, found 2 plugins.
Preloading 0 native plugins for Editor in 0.00 ms.
Mono: successfully reloaded assembly
- Completed reload, in  1.223 seconds
Platform modules already initialized, skipping
Switching build target platform(19) subTarget(0) extendedPlatform(0) -> platform(13) subTarget(537395200) extendedPlatform(0)
Shader 'Universal Render Pipeline/Particles/Lit': fallback shader 'Universal Render Pipeline/Particles/SimpleLit' not found
Refreshing native plugins compatible for Editor in 0.52 ms, found 2 plugins.
Preloading 0 native plugins for Editor in 0.00 ms.
Unloading 3000 Unused Serialized files (Serialized files now loaded: 0)
System memory in use before: 129.3 MB.
System memory in use after: 129.5 MB.

Unloading 17 unused Assets to reduce memory usage. Loaded Objects now: 3553.
Total: 2.664900 ms (FindLiveObjects: 0.273500 ms CreateObjectMapping: 0.119400 ms MarkObjects: 2.217800 ms  DeleteObjects: 0.053200 ms)

AssetImportParameters requested are different than current active one (requested -> active):
  custom:framework-win-MediaFoundation: 216162199b28c13a410421893ffa2e32 -> 
  custom:video-decoder-ogg-theora: a1e56fd34408186e4bbccfd4996cb3dc -> 
  custom:container-muxer-webm: aa71ff27fc2769a1b78a27578f13a17b -> 
  custom:container-demuxer-webm: 4f35f7cbe854078d1ac9338744f61a02 -> 
  custom:container-demuxer-ogg: 62fdf1f143b41e24485cea50d1cbac27 -> 
  custom:video-encoder-webm-vp8: eb34c28f22e8b96e1ab97ce403110664 -> 
  custom:video-decoder-webm-vp8: 9c59270c3fd7afecdb556c50c9e8de78 -> 
  custom:graphics/normal-map-encoding: 01000000000000000000000000000000 -> 02000000000000000000000000000000
  custom:audio-decoder-ogg-vorbis: bf7c407c2cedff20999df2af8eb42d56 -> 
  custom:audio-encoder-webm-vorbis: bf7c407c2cedff20999df2af8eb42d56 -> 
========================================================================
Received Prepare
Registering precompiled user dll's ...
Registered in 0.003554 seconds.
Begin MonoManager ReloadAssembly
Native extension for WindowsStandalone target not found
Refreshing native plugins compatible for Editor in 0.51 ms, found 2 plugins.
Preloading 0 native plugins for Editor in 0.00 ms.
Mono: successfully reloaded assembly
- Completed reload, in  1.116 seconds
Platform modules already initialized, skipping
Switching build target platform(19) subTarget(0) extendedPlatform(0) -> platform(13) subTarget(537395200) extendedPlatform(0)
Shader 'Universal Render Pipeline/Particles/Lit': fallback shader 'Universal Render Pipeline/Particles/SimpleLit' not found
Refreshing native plugins compatible for Editor in 0.81 ms, found 2 plugins.
Preloading 0 native plugins for Editor in 0.00 ms.
Unloading 3000 Unused Serialized files (Serialized files now loaded: 0)
System memory in use before: 129.4 MB.
System memory in use after: 129.6 MB.

Unloading 16 unused Assets to reduce memory usage. Loaded Objects now: 3556.
Total: 2.847100 ms (FindLiveObjects: 0.294300 ms CreateObjectMapping: 0.141000 ms MarkObjects: 2.357500 ms  DeleteObjects: 0.053000 ms)

AssetImportParameters requested are different than current active one (requested -> active):
  custom:framework-win-MediaFoundation: 216162199b28c13a410421893ffa2e32 -> 
  custom:video-decoder-ogg-theora: a1e56fd34408186e4bbccfd4996cb3dc -> 
  custom:container-muxer-webm: aa71ff27fc2769a1b78a27578f13a17b -> 
  custom:container-demuxer-webm: 4f35f7cbe854078d1ac9338744f61a02 -> 
  custom:container-demuxer-ogg: 62fdf1f143b41e24485cea50d1cbac27 -> 
  custom:video-encoder-webm-vp8: eb34c28f22e8b96e1ab97ce403110664 -> 
  custom:video-decoder-webm-vp8: 9c59270c3fd7afecdb556c50c9e8de78 -> 
  custom:graphics/normal-map-encoding: 01000000000000000000000000000000 -> 02000000000000000000000000000000
  custom:audio-decoder-ogg-vorbis: bf7c407c2cedff20999df2af8eb42d56 -> 
  custom:audio-encoder-webm-vorbis: bf7c407c2cedff20999df2af8eb42d56 -> 
========================================================================
Received Prepare
Registering precompiled user dll's ...
Registered in 0.003315 seconds.
Begin MonoManager ReloadAssembly
Native extension for WindowsStandalone target not found
Refreshing native plugins compatible for Editor in 0.52 ms, found 2 plugins.
Preloading 0 native plugins for Editor in 0.00 ms.
Mono: successfully reloaded assembly
- Completed reload, in  1.117 seconds
Platform modules already initialized, skipping
Switching build target platform(19) subTarget(0) extendedPlatform(0) -> platform(13) subTarget(537395200) extendedPlatform(0)
Shader 'Universal Render Pipeline/Particles/Lit': fallback shader 'Universal Render Pipeline/Particles/SimpleLit' not found
Refreshing native plugins compatible for Editor in 0.54 ms, found 2 plugins.
Preloading 0 native plugins for Editor in 0.00 ms.
Unloading 3000 Unused Serialized files (Serialized files now loaded: 0)
System memory in use before: 129.4 MB.
System memory in use after: 129.6 MB.

Unloading 16 unused Assets to reduce memory usage. Loaded Objects now: 3559.
Total: 2.788200 ms (FindLiveObjects: 0.269700 ms CreateObjectMapping: 0.102900 ms MarkObjects: 2.358100 ms  DeleteObjects: 0.056600 ms)

AssetImportParameters requested are different than current active one (requested -> active):
  custom:framework-win-MediaFoundation: 216162199b28c13a410421893ffa2e32 -> 
  custom:video-decoder-ogg-theora: a1e56fd34408186e4bbccfd4996cb3dc -> 
  custom:container-muxer-webm: aa71ff27fc2769a1b78a27578f13a17b -> 
  custom:container-demuxer-webm: 4f35f7cbe854078d1ac9338744f61a02 -> 
  custom:container-demuxer-ogg: 62fdf1f143b41e24485cea50d1cbac27 -> 
  custom:video-encoder-webm-vp8: eb34c28f22e8b96e1ab97ce403110664 -> 
  custom:video-decoder-webm-vp8: 9c59270c3fd7afecdb556c50c9e8de78 -> 
  custom:graphics/normal-map-encoding: 01000000000000000000000000000000 -> 02000000000000000000000000000000
  custom:audio-decoder-ogg-vorbis: bf7c407c2cedff20999df2af8eb42d56 -> 
  custom:audio-encoder-webm-vorbis: bf7c407c2cedff20999df2af8eb42d56 -> 
========================================================================
Received Prepare
Registering precompiled user dll's ...
Registered in 0.003359 seconds.
Begin MonoManager ReloadAssembly
Native extension for WindowsStandalone target not found
Refreshing native plugins compatible for Editor in 0.87 ms, found 2 plugins.
Preloading 0 native plugins for Editor in 0.00 ms.
Mono: successfully reloaded assembly
- Completed reload, in  1.389 seconds
Platform modules already initialized, skipping
Switching build target platform(19) subTarget(0) extendedPlatform(0) -> platform(13) subTarget(537395200) extendedPlatform(0)
Shader 'Universal Render Pipeline/Particles/Lit': fallback shader 'Universal Render Pipeline/Particles/SimpleLit' not found
Refreshing native plugins compatible for Editor in 0.56 ms, found 2 plugins.
Preloading 0 native plugins for Editor in 0.00 ms.
Unloading 3000 Unused Serialized files (Serialized files now loaded: 0)
System memory in use before: 129.4 MB.
System memory in use after: 129.6 MB.

Unloading 16 unused Assets to reduce memory usage. Loaded Objects now: 3562.
Total: 2.816300 ms (FindLiveObjects: 0.307100 ms CreateObjectMapping: 0.150000 ms MarkObjects: 2.304800 ms  DeleteObjects: 0.053100 ms)

AssetImportParameters requested are different than current active one (requested -> active):
  custom:framework-win-MediaFoundation: 216162199b28c13a410421893ffa2e32 -> 
  custom:video-decoder-ogg-theora: a1e56fd34408186e4bbccfd4996cb3dc -> 
  custom:container-muxer-webm: aa71ff27fc2769a1b78a27578f13a17b -> 
  custom:container-demuxer-webm: 4f35f7cbe854078d1ac9338744f61a02 -> 
  custom:container-demuxer-ogg: 62fdf1f143b41e24485cea50d1cbac27 -> 
  custom:video-encoder-webm-vp8: eb34c28f22e8b96e1ab97ce403110664 -> 
  custom:video-decoder-webm-vp8: 9c59270c3fd7afecdb556c50c9e8de78 -> 
  custom:graphics/normal-map-encoding: 01000000000000000000000000000000 -> 02000000000000000000000000000000
  custom:audio-decoder-ogg-vorbis: bf7c407c2cedff20999df2af8eb42d56 -> 
  custom:audio-encoder-webm-vorbis: bf7c407c2cedff20999df2af8eb42d56 -> 
========================================================================
Received Prepare
Registering precompiled user dll's ...
Registered in 0.003761 seconds.
Begin MonoManager ReloadAssembly
Native extension for WindowsStandalone target not found
Refreshing native plugins compatible for Editor in 0.53 ms, found 2 plugins.
Preloading 0 native plugins for Editor in 0.00 ms.
Mono: successfully reloaded assembly
- Completed reload, in  1.130 seconds
Platform modules already initialized, skipping
Switching build target platform(19) subTarget(0) extendedPlatform(0) -> platform(13) subTarget(537395200) extendedPlatform(0)
Shader 'Universal Render Pipeline/Particles/Lit': fallback shader 'Universal Render Pipeline/Particles/SimpleLit' not found
Refreshing native plugins compatible for Editor in 0.49 ms, found 2 plugins.
Preloading 0 native plugins for Editor in 0.00 ms.
Unloading 3000 Unused Serialized files (Serialized files now loaded: 0)
System memory in use before: 129.5 MB.
System memory in use after: 129.7 MB.

Unloading 16 unused Assets to reduce memory usage. Loaded Objects now: 3565.
Total: 2.605300 ms (FindLiveObjects: 0.274200 ms CreateObjectMapping: 0.129000 ms MarkObjects: 2.153400 ms  DeleteObjects: 0.047900 ms)

AssetImportParameters requested are different than current active one (requested -> active):
  custom:framework-win-MediaFoundation: 216162199b28c13a410421893ffa2e32 -> 
  custom:video-decoder-ogg-theora: a1e56fd34408186e4bbccfd4996cb3dc -> 
  custom:container-muxer-webm: aa71ff27fc2769a1b78a27578f13a17b -> 
  custom:container-demuxer-webm: 4f35f7cbe854078d1ac9338744f61a02 -> 
  custom:container-demuxer-ogg: 62fdf1f143b41e24485cea50d1cbac27 -> 
  custom:video-encoder-webm-vp8: eb34c28f22e8b96e1ab97ce403110664 -> 
  custom:video-decoder-webm-vp8: 9c59270c3fd7afecdb556c50c9e8de78 -> 
  custom:graphics/normal-map-encoding: 01000000000000000000000000000000 -> 02000000000000000000000000000000
  custom:audio-decoder-ogg-vorbis: bf7c407c2cedff20999df2af8eb42d56 -> 
  custom:audio-encoder-webm-vorbis: bf7c407c2cedff20999df2af8eb42d56 -> 
========================================================================
Received Prepare
Registering precompiled user dll's ...
Registered in 0.003323 seconds.
Begin MonoManager ReloadAssembly
Native extension for WindowsStandalone target not found
Refreshing native plugins compatible for Editor in 1.00 ms, found 2 plugins.
Preloading 0 native plugins for Editor in 0.00 ms.
Mono: successfully reloaded assembly
- Completed reload, in  1.173 seconds
Platform modules already initialized, skipping
Switching build target platform(19) subTarget(0) extendedPlatform(0) -> platform(13) subTarget(537395200) extendedPlatform(0)
Shader 'Universal Render Pipeline/Particles/Lit': fallback shader 'Universal Render Pipeline/Particles/SimpleLit' not found
Refreshing native plugins compatible for Editor in 0.60 ms, found 2 plugins.
Preloading 0 native plugins for Editor in 0.00 ms.
Unloading 3000 Unused Serialized files (Serialized files now loaded: 0)
System memory in use before: 129.5 MB.
System memory in use after: 129.7 MB.

Unloading 16 unused Assets to reduce memory usage. Loaded Objects now: 3568.
Total: 2.594600 ms (FindLiveObjects: 0.281600 ms CreateObjectMapping: 0.119100 ms MarkObjects: 2.143900 ms  DeleteObjects: 0.049200 ms)

AssetImportParameters requested are different than current active one (requested -> active):
  custom:framework-win-MediaFoundation: 216162199b28c13a410421893ffa2e32 -> 
  custom:video-decoder-ogg-theora: a1e56fd34408186e4bbccfd4996cb3dc -> 
  custom:container-muxer-webm: aa71ff27fc2769a1b78a27578f13a17b -> 
  custom:container-demuxer-webm: 4f35f7cbe854078d1ac9338744f61a02 -> 
  custom:container-demuxer-ogg: 62fdf1f143b41e24485cea50d1cbac27 -> 
  custom:video-encoder-webm-vp8: eb34c28f22e8b96e1ab97ce403110664 -> 
  custom:video-decoder-webm-vp8: 9c59270c3fd7afecdb556c50c9e8de78 -> 
  custom:graphics/normal-map-encoding: 01000000000000000000000000000000 -> 02000000000000000000000000000000
  custom:audio-decoder-ogg-vorbis: bf7c407c2cedff20999df2af8eb42d56 -> 
  custom:audio-encoder-webm-vorbis: bf7c407c2cedff20999df2af8eb42d56 -> 
========================================================================
Received Prepare
Registering precompiled user dll's ...
Registered in 0.003403 seconds.
Begin MonoManager ReloadAssembly
Native extension for WindowsStandalone target not found
Refreshing native plugins compatible for Editor in 0.65 ms, found 2 plugins.
Preloading 0 native plugins for Editor in 0.00 ms.
Mono: successfully reloaded assembly
- Completed reload, in  1.169 seconds
Platform modules already initialized, skipping
Switching build target platform(19) subTarget(0) extendedPlatform(0) -> platform(13) subTarget(537395200) extendedPlatform(0)
Shader 'Universal Render Pipeline/Particles/Lit': fallback shader 'Universal Render Pipeline/Particles/SimpleLit' not found
Refreshing native plugins compatible for Editor in 0.49 ms, found 2 plugins.
Preloading 0 native plugins for Editor in 0.00 ms.
Unloading 3000 Unused Serialized files (Serialized files now loaded: 0)
System memory in use before: 129.5 MB.
System memory in use after: 129.7 MB.

Unloading 16 unused Assets to reduce memory usage. Loaded Objects now: 3571.
Total: 2.605900 ms (FindLiveObjects: 0.340300 ms CreateObjectMapping: 0.132200 ms MarkObjects: 2.079900 ms  DeleteObjects: 0.052500 ms)

AssetImportParameters requested are different than current active one (requested -> active):
  custom:framework-win-MediaFoundation: 216162199b28c13a410421893ffa2e32 -> 
  custom:video-decoder-ogg-theora: a1e56fd34408186e4bbccfd4996cb3dc -> 
  custom:container-muxer-webm: aa71ff27fc2769a1b78a27578f13a17b -> 
  custom:container-demuxer-webm: 4f35f7cbe854078d1ac9338744f61a02 -> 
  custom:container-demuxer-ogg: 62fdf1f143b41e24485cea50d1cbac27 -> 
  custom:video-encoder-webm-vp8: eb34c28f22e8b96e1ab97ce403110664 -> 
  custom:video-decoder-webm-vp8: 9c59270c3fd7afecdb556c50c9e8de78 -> 
  custom:graphics/normal-map-encoding: 01000000000000000000000000000000 -> 02000000000000000000000000000000
  custom:audio-decoder-ogg-vorbis: bf7c407c2cedff20999df2af8eb42d56 -> 
  custom:audio-encoder-webm-vorbis: bf7c407c2cedff20999df2af8eb42d56 -> 
